2025-12-06T08:14:46 [evaluate_12_08_08_12_ensemble_eval] INFO: Initialized logger.
2025-12-06T08:14:46 [evaluate_12_08_08_12_ensemble_eval] INFO: Loading metrics parquet files for LR, XGBoost, and Random Forest...
2025-12-06T08:14:46 [evaluate_12_08_08_12_ensemble_eval] INFO: LR metrics shape: (24, 6) from model_evaluation_data/metrics_final_qc_model.parquet
2025-12-06T08:14:46 [evaluate_12_08_08_12_ensemble_eval] INFO: XGB metrics shape: (24, 6) from model_evaluation_data_xgboost/metrics_final_xgb_qc_model.parquet
2025-12-06T08:14:46 [evaluate_12_08_08_12_ensemble_eval] INFO: RF metrics shape: (24, 6) from model_evaluation_data_randomforest/metrics_final_rf_qc_model.parquet
2025-12-06T08:14:46 [evaluate_12_08_08_12_ensemble_eval] INFO: LR datasplits: ['shuffled_test', 'shuffled_train', 'shuffled_val', 'test', 'train', 'val']
2025-12-06T08:14:46 [evaluate_12_08_08_12_ensemble_eval] INFO: XGB datasplits: ['shuffled_test', 'shuffled_train', 'shuffled_val', 'test', 'train', 'val']
2025-12-06T08:14:46 [evaluate_12_08_08_12_ensemble_eval] INFO: RF datasplits: ['shuffled_test', 'shuffled_train', 'shuffled_val', 'test', 'train', 'val']
2025-12-06T08:14:46 [evaluate_12_08_08_12_ensemble_eval] INFO: Computing test-set comparison (all plates and per plate)...
2025-12-06T08:14:46 [evaluate_12_08_08_12_ensemble_eval] INFO: === Test-set performance: all plates ===
2025-12-06T08:14:46 [evaluate_12_08_08_12_ensemble_eval] INFO: Test-set (all plates) comparison:
2025-12-06T08:14:46 [evaluate_12_08_08_12_ensemble_eval] INFO: logistic_regression: accuracy=0.7887, f1=0.7899, precision=0.7857, recall=0.7941
2025-12-06T08:14:46 [evaluate_12_08_08_12_ensemble_eval] INFO: xgboost: accuracy=0.8158, f1=0.8171, precision=0.8115, recall=0.8227
2025-12-06T08:14:46 [evaluate_12_08_08_12_ensemble_eval] INFO: random_forest: accuracy=0.7649, f1=0.7692, precision=0.7554, recall=0.7834
2025-12-06T08:14:46 [evaluate_12_08_08_12_ensemble_eval] INFO: === Test-set performance: per plate ===
2025-12-06T08:14:46 [evaluate_12_08_08_12_ensemble_eval] INFO: Computed per-plate test performance for all models.
2025-12-06T08:14:46 [evaluate_12_08_08_12_ensemble_eval] INFO: Summarizing train/val/test performance for all models...
2025-12-06T08:14:46 [evaluate_12_08_08_12_ensemble_eval] INFO: logistic_regression: train_acc=0.8473, test_acc=0.7887, train-test gap=0.0586
2025-12-06T08:14:46 [evaluate_12_08_08_12_ensemble_eval] INFO: xgboost: train_acc=1.0000, test_acc=0.8158, train-test gap=0.1842
2025-12-06T08:14:46 [evaluate_12_08_08_12_ensemble_eval] INFO: random_forest: train_acc=1.0000, test_acc=0.7649, train-test gap=0.2351
2025-12-06T08:14:46 [evaluate_12_08_08_12_ensemble_eval] INFO: Summarizing shuffled (null) performance for all models...
2025-12-06T08:14:46 [evaluate_12_08_08_12_ensemble_eval] INFO: logistic_regression: mean shuffled accuracy=0.4970, mean shuffled f1=0.4924 over 12 rows
2025-12-06T08:14:46 [evaluate_12_08_08_12_ensemble_eval] INFO: xgboost: mean shuffled accuracy=0.5050, mean shuffled f1=0.5209 over 12 rows
2025-12-06T08:14:46 [evaluate_12_08_08_12_ensemble_eval] INFO: random_forest: mean shuffled accuracy=0.4957, mean shuffled f1=0.5109 over 12 rows
2025-12-06T08:14:46 [evaluate_12_08_08_12_ensemble_eval] INFO: Saving ensemble comparison tables to model_evaluation_data_ensemble...
2025-12-06T08:14:46 [evaluate_12_08_08_12_ensemble_eval] INFO: Finished saving ensemble comparison tables.
