2025-12-05T18:10:58 [12_07_14_30_randomforest_train] INFO: Initialized logger.
2025-12-05T18:10:59 [12_07_14_30_randomforest_train] INFO: Number of single-cells total per plate:
2025-12-05T18:11:32 [12_07_14_30_randomforest_train] INFO: 2025-12-05T18:11:32 [INFO]    Fold 1/5 finished in 0.46 min
2025-12-05T18:12:01 [12_07_14_30_randomforest_train] INFO: 2025-12-05T18:12:01 [INFO]    Fold 2/5 finished in 0.49 min
2025-12-05T18:12:29 [12_07_14_30_randomforest_train] INFO: 2025-12-05T18:12:29 [INFO]    Fold 3/5 finished in 0.47 min
2025-12-05T18:13:04 [12_07_14_30_randomforest_train] INFO: 2025-12-05T18:13:04 [INFO]    Fold 4/5 finished in 0.57 min
2025-12-05T18:13:37 [12_07_14_30_randomforest_train] INFO: 2025-12-05T18:13:37 [INFO]    Fold 5/5 finished in 0.55 min
2025-12-05T18:13:37 [12_07_14_30_randomforest_train] INFO: 2025-12-05T18:13:37 [INFO] Iteration 1 finished in 2.55 min (AUC=0.8333, best_AUC=0.8333)
2025-12-05T18:14:03 [12_07_14_30_randomforest_train] INFO: 2025-12-05T18:14:03 [INFO]    Fold 1/5 finished in 0.44 min
2025-12-05T18:14:34 [12_07_14_30_randomforest_train] INFO: 2025-12-05T18:14:34 [INFO]    Fold 2/5 finished in 0.52 min
2025-12-05T18:15:10 [12_07_14_30_randomforest_train] INFO: 2025-12-05T18:15:10 [INFO]    Fold 3/5 finished in 0.59 min
2025-12-05T18:15:43 [12_07_14_30_randomforest_train] INFO: 2025-12-05T18:15:43 [INFO]    Fold 4/5 finished in 0.56 min
2025-12-05T18:16:16 [12_07_14_30_randomforest_train] INFO: 2025-12-05T18:16:16 [INFO]    Fold 5/5 finished in 0.55 min
2025-12-05T18:16:16 [12_07_14_30_randomforest_train] INFO: 2025-12-05T18:16:16 [INFO] Iteration 2 finished in 2.66 min (AUC=0.8327, best_AUC=0.8333)
2025-12-05T18:16:50 [12_07_14_30_randomforest_train] INFO: 2025-12-05T18:16:50 [INFO]    Fold 1/5 finished in 0.57 min
2025-12-05T18:17:27 [12_07_14_30_randomforest_train] INFO: 2025-12-05T18:17:27 [INFO]    Fold 2/5 finished in 0.60 min
2025-12-05T18:17:58 [12_07_14_30_randomforest_train] INFO: 2025-12-05T18:17:58 [INFO]    Fold 3/5 finished in 0.52 min
2025-12-05T18:18:26 [12_07_14_30_randomforest_train] INFO: 2025-12-05T18:18:26 [INFO]    Fold 4/5 finished in 0.48 min
2025-12-05T18:18:53 [12_07_14_30_randomforest_train] INFO: 2025-12-05T18:18:53 [INFO]    Fold 5/5 finished in 0.45 min
2025-12-05T18:18:53 [12_07_14_30_randomforest_train] INFO: 2025-12-05T18:18:53 [INFO] Iteration 3 finished in 2.62 min (AUC=0.8327, best_AUC=0.8333)
2025-12-05T18:19:06 [12_07_14_30_randomforest_train] INFO: 2025-12-05T18:19:06 [INFO]    Fold 1/5 finished in 0.22 min
2025-12-05T18:19:21 [12_07_14_30_randomforest_train] INFO: 2025-12-05T18:19:21 [INFO]    Fold 2/5 finished in 0.24 min
2025-12-05T18:19:37 [12_07_14_30_randomforest_train] INFO: 2025-12-05T18:19:37 [INFO]    Fold 3/5 finished in 0.28 min
2025-12-05T18:19:52 [12_07_14_30_randomforest_train] INFO: 2025-12-05T18:19:52 [INFO]    Fold 4/5 finished in 0.24 min
2025-12-05T18:20:04 [12_07_14_30_randomforest_train] INFO: 2025-12-05T18:20:04 [INFO]    Fold 5/5 finished in 0.21 min
2025-12-05T18:20:04 [12_07_14_30_randomforest_train] INFO: 2025-12-05T18:20:04 [INFO] Iteration 4 finished in 1.18 min (AUC=0.8308, best_AUC=0.8333)
2025-12-05T18:20:35 [12_07_14_30_randomforest_train] INFO: 2025-12-05T18:20:35 [INFO]    Fold 1/5 finished in 0.51 min
2025-12-05T18:21:05 [12_07_14_30_randomforest_train] INFO: 2025-12-05T18:21:05 [INFO]    Fold 2/5 finished in 0.51 min
2025-12-05T18:21:36 [12_07_14_30_randomforest_train] INFO: 2025-12-05T18:21:36 [INFO]    Fold 3/5 finished in 0.51 min
2025-12-05T18:22:06 [12_07_14_30_randomforest_train] INFO: 2025-12-05T18:22:06 [INFO]    Fold 4/5 finished in 0.51 min
2025-12-05T18:22:39 [12_07_14_30_randomforest_train] INFO: 2025-12-05T18:22:39 [INFO]    Fold 5/5 finished in 0.54 min
2025-12-05T18:22:39 [12_07_14_30_randomforest_train] INFO: 2025-12-05T18:22:39 [INFO] Iteration 5 finished in 2.57 min (AUC=0.8327, best_AUC=0.8333)
2025-12-05T18:23:03 [12_07_14_30_randomforest_train] INFO: 2025-12-05T18:23:03 [INFO]    Fold 1/5 finished in 0.40 min
2025-12-05T18:23:26 [12_07_14_30_randomforest_train] INFO: 2025-12-05T18:23:26 [INFO]    Fold 2/5 finished in 0.40 min
2025-12-05T18:23:49 [12_07_14_30_randomforest_train] INFO: 2025-12-05T18:23:49 [INFO]    Fold 3/5 finished in 0.38 min
2025-12-05T18:24:13 [12_07_14_30_randomforest_train] INFO: 2025-12-05T18:24:13 [INFO]    Fold 4/5 finished in 0.41 min
2025-12-05T18:24:39 [12_07_14_30_randomforest_train] INFO: 2025-12-05T18:24:39 [INFO]    Fold 5/5 finished in 0.43 min
2025-12-05T18:24:39 [12_07_14_30_randomforest_train] INFO: 2025-12-05T18:24:39 [INFO] Iteration 6 finished in 2.01 min (AUC=0.8316, best_AUC=0.8333)
2025-12-05T18:25:49 [12_07_14_30_randomforest_train] INFO: 2025-12-05T18:25:49 [INFO]    Fold 1/5 finished in 1.17 min
2025-12-05T18:26:55 [12_07_14_30_randomforest_train] INFO: 2025-12-05T18:26:55 [INFO]    Fold 2/5 finished in 1.09 min
2025-12-05T18:27:59 [12_07_14_30_randomforest_train] INFO: 2025-12-05T18:27:59 [INFO]    Fold 3/5 finished in 1.08 min
2025-12-05T18:29:05 [12_07_14_30_randomforest_train] INFO: 2025-12-05T18:29:05 [INFO]    Fold 4/5 finished in 1.10 min
2025-12-05T18:30:17 [12_07_14_30_randomforest_train] INFO: 2025-12-05T18:30:17 [INFO]    Fold 5/5 finished in 1.20 min
2025-12-05T18:30:17 [12_07_14_30_randomforest_train] INFO: 2025-12-05T18:30:17 [INFO] Iteration 7 finished in 5.63 min (AUC=0.8473, best_AUC=0.8473)
2025-12-05T18:30:47 [12_07_14_30_randomforest_train] INFO: 2025-12-05T18:30:47 [INFO]    Fold 1/5 finished in 0.49 min
2025-12-05T18:31:16 [12_07_14_30_randomforest_train] INFO: 2025-12-05T18:31:16 [INFO]    Fold 2/5 finished in 0.48 min
2025-12-05T18:31:46 [12_07_14_30_randomforest_train] INFO: 2025-12-05T18:31:46 [INFO]    Fold 3/5 finished in 0.50 min
2025-12-05T18:32:18 [12_07_14_30_randomforest_train] INFO: 2025-12-05T18:32:18 [INFO]    Fold 4/5 finished in 0.53 min
2025-12-05T18:32:55 [12_07_14_30_randomforest_train] INFO: 2025-12-05T18:32:55 [INFO]    Fold 5/5 finished in 0.62 min
2025-12-05T18:32:55 [12_07_14_30_randomforest_train] INFO: 2025-12-05T18:32:55 [INFO] Iteration 8 finished in 2.63 min (AUC=0.8330, best_AUC=0.8473)
2025-12-05T18:34:08 [12_07_14_30_randomforest_train] INFO: 2025-12-05T18:34:08 [INFO]    Fold 1/5 finished in 1.22 min
2025-12-05T18:35:23 [12_07_14_30_randomforest_train] INFO: 2025-12-05T18:35:23 [INFO]    Fold 2/5 finished in 1.25 min
2025-12-05T18:36:28 [12_07_14_30_randomforest_train] INFO: 2025-12-05T18:36:28 [INFO]    Fold 3/5 finished in 1.10 min
2025-12-05T18:37:19 [12_07_14_30_randomforest_train] INFO: 2025-12-05T18:37:19 [INFO]    Fold 4/5 finished in 0.85 min
2025-12-05T18:38:09 [12_07_14_30_randomforest_train] INFO: 2025-12-05T18:38:09 [INFO]    Fold 5/5 finished in 0.82 min
2025-12-05T18:38:09 [12_07_14_30_randomforest_train] INFO: 2025-12-05T18:38:09 [INFO] Iteration 9 finished in 5.23 min (AUC=0.8469, best_AUC=0.8473)
2025-12-05T18:38:35 [12_07_14_30_randomforest_train] INFO: 2025-12-05T18:38:35 [INFO]    Fold 1/5 finished in 0.44 min
2025-12-05T18:39:03 [12_07_14_30_randomforest_train] INFO: 2025-12-05T18:39:03 [INFO]    Fold 2/5 finished in 0.46 min
2025-12-05T18:39:34 [12_07_14_30_randomforest_train] INFO: 2025-12-05T18:39:34 [INFO]    Fold 3/5 finished in 0.52 min
2025-12-05T18:40:10 [12_07_14_30_randomforest_train] INFO: 2025-12-05T18:40:10 [INFO]    Fold 4/5 finished in 0.60 min
2025-12-05T18:40:54 [12_07_14_30_randomforest_train] INFO: 2025-12-05T18:40:54 [INFO]    Fold 5/5 finished in 0.73 min
2025-12-05T18:40:54 [12_07_14_30_randomforest_train] INFO: 2025-12-05T18:40:54 [INFO] Iteration 10 finished in 2.75 min (AUC=0.8450, best_AUC=0.8473)
2025-12-05T18:41:16 [12_07_14_30_randomforest_train] INFO: 2025-12-05T18:41:16 [INFO]    Fold 1/5 finished in 0.38 min
2025-12-05T18:41:40 [12_07_14_30_randomforest_train] INFO: 2025-12-05T18:41:40 [INFO]    Fold 2/5 finished in 0.39 min
2025-12-05T18:42:03 [12_07_14_30_randomforest_train] INFO: 2025-12-05T18:42:03 [INFO]    Fold 3/5 finished in 0.40 min
2025-12-05T18:42:29 [12_07_14_30_randomforest_train] INFO: 2025-12-05T18:42:29 [INFO]    Fold 4/5 finished in 0.43 min
2025-12-05T18:42:56 [12_07_14_30_randomforest_train] INFO: 2025-12-05T18:42:56 [INFO]    Fold 5/5 finished in 0.45 min
2025-12-05T18:42:56 [12_07_14_30_randomforest_train] INFO: 2025-12-05T18:42:56 [INFO] Iteration 11 finished in 2.05 min (AUC=0.8326, best_AUC=0.8473)
2025-12-05T18:44:36 [12_07_14_30_randomforest_train] INFO: 2025-12-05T18:44:36 [INFO]    Fold 1/5 finished in 1.67 min
2025-12-05T18:46:37 [12_07_14_30_randomforest_train] INFO: 2025-12-05T18:46:37 [INFO]    Fold 2/5 finished in 2.01 min
2025-12-05T18:48:16 [12_07_14_30_randomforest_train] INFO: 2025-12-05T18:48:16 [INFO]    Fold 3/5 finished in 1.66 min
2025-12-05T18:49:54 [12_07_14_30_randomforest_train] INFO: 2025-12-05T18:49:54 [INFO]    Fold 4/5 finished in 1.62 min
2025-12-05T18:51:43 [12_07_14_30_randomforest_train] INFO: 2025-12-05T18:51:43 [INFO]    Fold 5/5 finished in 1.82 min
2025-12-05T18:51:43 [12_07_14_30_randomforest_train] INFO: 2025-12-05T18:51:43 [INFO] Iteration 12 finished in 8.78 min (AUC=0.8464, best_AUC=0.8473)
2025-12-05T18:52:57 [12_07_14_30_randomforest_train] INFO: 2025-12-05T18:52:57 [INFO]    Fold 1/5 finished in 1.24 min
2025-12-05T18:54:00 [12_07_14_30_randomforest_train] INFO: 2025-12-05T18:54:00 [INFO]    Fold 2/5 finished in 1.03 min
2025-12-05T18:55:01 [12_07_14_30_randomforest_train] INFO: 2025-12-05T18:55:01 [INFO]    Fold 3/5 finished in 1.03 min
2025-12-05T18:56:21 [12_07_14_30_randomforest_train] INFO: 2025-12-05T18:56:21 [INFO]    Fold 4/5 finished in 1.33 min
2025-12-05T18:57:33 [12_07_14_30_randomforest_train] INFO: 2025-12-05T18:57:33 [INFO]    Fold 5/5 finished in 1.19 min
2025-12-05T18:57:33 [12_07_14_30_randomforest_train] INFO: 2025-12-05T18:57:33 [INFO] Iteration 13 finished in 5.83 min (AUC=0.8462, best_AUC=0.8473)
2025-12-05T18:57:46 [12_07_14_30_randomforest_train] INFO: 2025-12-05T18:57:46 [INFO]    Fold 1/5 finished in 0.22 min
2025-12-05T18:57:59 [12_07_14_30_randomforest_train] INFO: 2025-12-05T18:57:59 [INFO]    Fold 2/5 finished in 0.21 min
2025-12-05T18:58:12 [12_07_14_30_randomforest_train] INFO: 2025-12-05T18:58:12 [INFO]    Fold 3/5 finished in 0.21 min
2025-12-05T18:58:24 [12_07_14_30_randomforest_train] INFO: 2025-12-05T18:58:24 [INFO]    Fold 4/5 finished in 0.21 min
2025-12-05T18:58:38 [12_07_14_30_randomforest_train] INFO: 2025-12-05T18:58:38 [INFO]    Fold 5/5 finished in 0.23 min
2025-12-05T18:58:38 [12_07_14_30_randomforest_train] INFO: 2025-12-05T18:58:38 [INFO] Iteration 14 finished in 1.08 min (AUC=0.8292, best_AUC=0.8473)
2025-12-05T18:59:11 [12_07_14_30_randomforest_train] INFO: 2025-12-05T18:59:11 [INFO]    Fold 1/5 finished in 0.55 min
2025-12-05T18:59:44 [12_07_14_30_randomforest_train] INFO: 2025-12-05T18:59:44 [INFO]    Fold 2/5 finished in 0.56 min
2025-12-05T19:00:20 [12_07_14_30_randomforest_train] INFO: 2025-12-05T19:00:20 [INFO]    Fold 3/5 finished in 0.60 min
2025-12-05T19:00:55 [12_07_14_30_randomforest_train] INFO: 2025-12-05T19:00:55 [INFO]    Fold 4/5 finished in 0.58 min
2025-12-05T19:01:27 [12_07_14_30_randomforest_train] INFO: 2025-12-05T19:01:27 [INFO]    Fold 5/5 finished in 0.53 min
2025-12-05T19:01:27 [12_07_14_30_randomforest_train] INFO: 2025-12-05T19:01:27 [INFO] Iteration 15 finished in 2.81 min (AUC=0.8339, best_AUC=0.8473)
2025-12-05T19:01:27 [12_07_14_30_randomforest_train] INFO: 2025-12-05T19:01:27 [INFO] Total search time: 50.38 min
2025-12-05T19:01:27 [12_07_14_30_randomforest_train] INFO: Best average validation AUC = 0.8473242229520869
2025-12-05T19:01:27 [12_07_14_30_randomforest_train] INFO: Best hyperparameters = {'n_estimators': 600, 'max_depth': None, 'min_samples_leaf': 1, 'max_features': 'sqrt'}
